Arguments: 
  C:\Program Files\nodejs\node.exe C:\Users\Administrator\AppData\Roaming\npm\node_modules\yarn\bin\yarn.js install

PATH: 
  C:\Users\Administrator\bin;C:\Program Files\Git\mingw64\bin;C:\Program Files\Git\usr\local\bin;C:\Program Files\Git\usr\bin;C:\Program Files\Git\usr\bin;C:\Program Files\Git\mingw64\bin;C:\Program Files\Git\usr\bin;C:\Users\Administrator\bin;C:\Python27;C:\Python27\Scripts;C:\Windows\system32;C:\Windows;C:\Windows\System32\Wbem;C:\Windows\System32\WindowsPowerShell\v1.0;C:\Program Files\VisualSVN Server\bin;D:\nodejs\npm;C:\ProgramData\chocolatey\bin;C:\Program Files\Java\jdk1.8.0_172\bin;D:\Microsoft VS Code\bin;C:\Program Files\nodejs;C:\Program Files\Git\cmd;D:\Microsoft VS Code\bin;C:\Program Files\MySQL\MySQL Server 8.0\bin;C:\Program Files\Java\jdk1.8.0_172;C:\Users\Administrator\AppData\Local\Android\sdk;D:\SDK;E:\tools;D:\SDK;E:\platform-tools;C:\ProgramData\chocolatey\lib\gradle\tools\gradle-4.8.1\bin;C:\Users\Administrator\AppData\Roaming\npm;C:\Users\Administrator\AppData\Local\Programs\Microsoft VS Code\bin;C:\Program Files\Git\usr\bin\vendor_perl;C:\Program Files\Git\usr\bin\core_perl

Yarn version: 
  1.5.1

Node version: 
  8.11.3

Platform: 
  win32 x64

npm manifest: 
  {
  	"name": "first",
  	"version": "1.0.0",
  	"private": true,
  	"description": "q",
  	"main": "index.js",
  	"scripts": {
  		"build:weapp": "taro build --type weapp",
  		"build:h5": "taro build --type h5",
  		"build:rn": "taro build --type rn",
  		"dev:weapp": "npm run build:weapp -- --watch",
  		"dev:h5": "npm run build:h5 -- --watch",
  		"dev:rn": "npm run build:rn -- --watch",
  		"test": "echo \"Error: no test specified\" && exit 1"
  	},
  	"author": "",
  	"license": "MIT",
  	"dependencies": {
  		"@tarojs/components": "1.0.7",
  		"@tarojs/router": "1.0.7",
  		"@tarojs/taro": "1.0.7",
  		"@tarojs/taro-h5": "1.0.7",
  		"@tarojs/taro-weapp": "1.0.7",
  		"classnames": "^2.2.6",
  		"nervjs": "^1.3.0",
  		"taro-ui": "^1.3.1"
  	},
  	"devDependencies": {
  		"@tarojs/plugin-babel": "1.0.7",
  		"@tarojs/plugin-csso": "1.0.7",
  		"@tarojs/plugin-less": "1.0.7",
  		"@tarojs/plugin-sass": "1.0.7",
  		"@tarojs/plugin-uglifyjs": "1.0.7",
  		"@tarojs/webpack-runner": "1.0.7",
  		"@types/react": "16.3.14",
  		"@types/webpack-env": "^1.13.6",
  		"babel-core": "^6.26.3",
  		"babel-eslint": "^8.2.3",
  		"babel-plugin-transform-class-properties": "^6.24.1",
  		"babel-plugin-transform-decorators-legacy": "^1.3.4",
  		"babel-plugin-transform-jsx-stylesheet": "^0.6.5",
  		"babel-plugin-transform-object-rest-spread": "^6.26.0",
  		"babel-preset-env": "^1.6.1",
  		"cross-spawn": "^6.0.5",
  		"debug": "^4.1.0",
  		"define-property": "^2.0.2",
  		"eslint": "^4.19.1",
  		"eslint-config-taro": "1.0.7",
  		"eslint-plugin-import": "^2.14.0",
  		"eslint-plugin-react": "^7.8.2",
  		"eslint-plugin-taro": "1.0.7",
  		"js-base64": "^2.4.9",
  		"vant-weapp": "^0.3.3"
  	}
  }

yarn manifest: 
  No manifest

Lockfile: 
  No lockfile

Trace: 
  Error: ENOENT: no such file or directory, copyfile 'C:\Users\Administrator\AppData\Local\Yarn\Cache\v1\npm-find-up-2.1.0-45d1b7e506c717ddd482775a2b77920a3c0c57a7\license' -> 'E:\xiaoxingchao\taro\first\node_modules\eslint-plugin-import\node_modules\find-up\license'
